Start testing: Dec 23 10:50 MSK
----------------------------------------------------------
4/22 Testing: MATRIX.equal
4/22 Test: MATRIX.equal
Command: "/home/lixhappy/codes/cpp/zachet/build/tests" "--gtest_filter=MATRIX.equal" "--gtest_also_run_disabled_tests"
Directory: /home/lixhappy/codes/cpp/zachet/build
"MATRIX.equal" start time: Dec 23 10:50 MSK
Output:
----------------------------------------------------------
Running main() from /home/lixhappy/codes/cpp/zachet/build/_deps/googletest-src/googletest/src/gtest_main.cc
Note: Google Test filter = MATRIX.equal
[==========] Running 1 test from 1 test suite.
[----------] Global test environment set-up.
[----------] 1 test from MATRIX
[ RUN      ] MATRIX.equal
[       OK ] MATRIX.equal (0 ms)
[----------] 1 test from MATRIX (0 ms total)

[----------] Global test environment tear-down
[==========] 1 test from 1 test suite ran. (0 ms total)
[  PASSED  ] 1 test.
<end of output>
Test time =   0.01 sec
----------------------------------------------------------
Test Passed.
"MATRIX.equal" end time: Dec 23 10:50 MSK
"MATRIX.equal" time elapsed: 00:00:00
----------------------------------------------------------

9/22 Testing: MATRIX.transpose_not_square
9/22 Test: MATRIX.transpose_not_square
Command: "/home/lixhappy/codes/cpp/zachet/build/tests" "--gtest_filter=MATRIX.transpose_not_square" "--gtest_also_run_disabled_tests"
Directory: /home/lixhappy/codes/cpp/zachet/build
"MATRIX.transpose_not_square" start time: Dec 23 10:50 MSK
Output:
----------------------------------------------------------
Running main() from /home/lixhappy/codes/cpp/zachet/build/_deps/googletest-src/googletest/src/gtest_main.cc
Note: Google Test filter = MATRIX.transpose_not_square
[==========] Running 1 test from 1 test suite.
[----------] Global test environment set-up.
[----------] 1 test from MATRIX
[ RUN      ] MATRIX.transpose_not_square
[       OK ] MATRIX.transpose_not_square (0 ms)
[----------] 1 test from MATRIX (0 ms total)

[----------] Global test environment tear-down
[==========] 1 test from 1 test suite ran. (0 ms total)
[  PASSED  ] 1 test.
<end of output>
Test time =   0.01 sec
----------------------------------------------------------
Test Passed.
"MATRIX.transpose_not_square" end time: Dec 23 10:50 MSK
"MATRIX.transpose_not_square" time elapsed: 00:00:00
----------------------------------------------------------

8/22 Testing: MATRIX.transpose_square
8/22 Test: MATRIX.transpose_square
Command: "/home/lixhappy/codes/cpp/zachet/build/tests" "--gtest_filter=MATRIX.transpose_square" "--gtest_also_run_disabled_tests"
Directory: /home/lixhappy/codes/cpp/zachet/build
"MATRIX.transpose_square" start time: Dec 23 10:50 MSK
Output:
----------------------------------------------------------
Running main() from /home/lixhappy/codes/cpp/zachet/build/_deps/googletest-src/googletest/src/gtest_main.cc
Note: Google Test filter = MATRIX.transpose_square
[==========] Running 1 test from 1 test suite.
[----------] Global test environment set-up.
[----------] 1 test from MATRIX
[ RUN      ] MATRIX.transpose_square
[       OK ] MATRIX.transpose_square (0 ms)
[----------] 1 test from MATRIX (0 ms total)

[----------] Global test environment tear-down
[==========] 1 test from 1 test suite ran. (0 ms total)
[  PASSED  ] 1 test.
<end of output>
Test time =   0.01 sec
----------------------------------------------------------
Test Passed.
"MATRIX.transpose_square" end time: Dec 23 10:50 MSK
"MATRIX.transpose_square" time elapsed: 00:00:00
----------------------------------------------------------

20/22 Testing: POLY.quot
20/22 Test: POLY.quot
Command: "/home/lixhappy/codes/cpp/zachet/build/tests" "--gtest_filter=POLY.quot" "--gtest_also_run_disabled_tests"
Directory: /home/lixhappy/codes/cpp/zachet/build
"POLY.quot" start time: Dec 23 10:50 MSK
Output:
----------------------------------------------------------
Running main() from /home/lixhappy/codes/cpp/zachet/build/_deps/googletest-src/googletest/src/gtest_main.cc
Note: Google Test filter = POLY.quot
[==========] Running 1 test from 1 test suite.
[----------] Global test environment set-up.
[----------] 1 test from POLY
[ RUN      ] POLY.quot
[       OK ] POLY.quot (0 ms)
[----------] 1 test from POLY (0 ms total)

[----------] Global test environment tear-down
[==========] 1 test from 1 test suite ran. (0 ms total)
[  PASSED  ] 1 test.
<end of output>
Test time =   0.01 sec
----------------------------------------------------------
Test Passed.
"POLY.quot" end time: Dec 23 10:50 MSK
"POLY.quot" time elapsed: 00:00:00
----------------------------------------------------------

19/22 Testing: POLY.mul
19/22 Test: POLY.mul
Command: "/home/lixhappy/codes/cpp/zachet/build/tests" "--gtest_filter=POLY.mul" "--gtest_also_run_disabled_tests"
Directory: /home/lixhappy/codes/cpp/zachet/build
"POLY.mul" start time: Dec 23 10:50 MSK
Output:
----------------------------------------------------------
Running main() from /home/lixhappy/codes/cpp/zachet/build/_deps/googletest-src/googletest/src/gtest_main.cc
Note: Google Test filter = POLY.mul
[==========] Running 1 test from 1 test suite.
[----------] Global test environment set-up.
[----------] 1 test from POLY
[ RUN      ] POLY.mul
[       OK ] POLY.mul (0 ms)
[----------] 1 test from POLY (0 ms total)

[----------] Global test environment tear-down
[==========] 1 test from 1 test suite ran. (0 ms total)
[  PASSED  ] 1 test.
<end of output>
Test time =   0.01 sec
----------------------------------------------------------
Test Passed.
"POLY.mul" end time: Dec 23 10:50 MSK
"POLY.mul" time elapsed: 00:00:00
----------------------------------------------------------

14/22 Testing: POLY.sum
14/22 Test: POLY.sum
Command: "/home/lixhappy/codes/cpp/zachet/build/tests" "--gtest_filter=POLY.sum" "--gtest_also_run_disabled_tests"
Directory: /home/lixhappy/codes/cpp/zachet/build
"POLY.sum" start time: Dec 23 10:50 MSK
Output:
----------------------------------------------------------
Running main() from /home/lixhappy/codes/cpp/zachet/build/_deps/googletest-src/googletest/src/gtest_main.cc
Note: Google Test filter = POLY.sum
[==========] Running 1 test from 1 test suite.
[----------] Global test environment set-up.
[----------] 1 test from POLY
[ RUN      ] POLY.sum
[       OK ] POLY.sum (0 ms)
[----------] 1 test from POLY (0 ms total)

[----------] Global test environment tear-down
[==========] 1 test from 1 test suite ran. (0 ms total)
[  PASSED  ] 1 test.
<end of output>
Test time =   0.01 sec
----------------------------------------------------------
Test Passed.
"POLY.sum" end time: Dec 23 10:50 MSK
"POLY.sum" time elapsed: 00:00:00
----------------------------------------------------------

18/22 Testing: POLY.factor
18/22 Test: POLY.factor
Command: "/home/lixhappy/codes/cpp/zachet/build/tests" "--gtest_filter=POLY.factor" "--gtest_also_run_disabled_tests"
Directory: /home/lixhappy/codes/cpp/zachet/build
"POLY.factor" start time: Dec 23 10:50 MSK
Output:
----------------------------------------------------------
Running main() from /home/lixhappy/codes/cpp/zachet/build/_deps/googletest-src/googletest/src/gtest_main.cc
Note: Google Test filter = POLY.factor
[==========] Running 1 test from 1 test suite.
[----------] Global test environment set-up.
[----------] 1 test from POLY
[ RUN      ] POLY.factor
[       OK ] POLY.factor (0 ms)
[----------] 1 test from POLY (0 ms total)

[----------] Global test environment tear-down
[==========] 1 test from 1 test suite ran. (0 ms total)
[  PASSED  ] 1 test.
<end of output>
Test time =   0.01 sec
----------------------------------------------------------
Test Passed.
"POLY.factor" end time: Dec 23 10:50 MSK
"POLY.factor" time elapsed: 00:00:00
----------------------------------------------------------

11/22 Testing: MATRIX.rotate_not_square
11/22 Test: MATRIX.rotate_not_square
Command: "/home/lixhappy/codes/cpp/zachet/build/tests" "--gtest_filter=MATRIX.rotate_not_square" "--gtest_also_run_disabled_tests"
Directory: /home/lixhappy/codes/cpp/zachet/build
"MATRIX.rotate_not_square" start time: Dec 23 10:50 MSK
Output:
----------------------------------------------------------
Running main() from /home/lixhappy/codes/cpp/zachet/build/_deps/googletest-src/googletest/src/gtest_main.cc
Note: Google Test filter = MATRIX.rotate_not_square
[==========] Running 1 test from 1 test suite.
[----------] Global test environment set-up.
[----------] 1 test from MATRIX
[ RUN      ] MATRIX.rotate_not_square
[       OK ] MATRIX.rotate_not_square (0 ms)
[----------] 1 test from MATRIX (0 ms total)

[----------] Global test environment tear-down
[==========] 1 test from 1 test suite ran. (0 ms total)
[  PASSED  ] 1 test.
<end of output>
Test time =   0.01 sec
----------------------------------------------------------
Test Passed.
"MATRIX.rotate_not_square" end time: Dec 23 10:50 MSK
"MATRIX.rotate_not_square" time elapsed: 00:00:00
----------------------------------------------------------

5/22 Testing: MATRIX.get_el
5/22 Test: MATRIX.get_el
Command: "/home/lixhappy/codes/cpp/zachet/build/tests" "--gtest_filter=MATRIX.get_el" "--gtest_also_run_disabled_tests"
Directory: /home/lixhappy/codes/cpp/zachet/build
"MATRIX.get_el" start time: Dec 23 10:50 MSK
Output:
----------------------------------------------------------
Running main() from /home/lixhappy/codes/cpp/zachet/build/_deps/googletest-src/googletest/src/gtest_main.cc
Note: Google Test filter = MATRIX.get_el
[==========] Running 1 test from 1 test suite.
[----------] Global test environment set-up.
[----------] 1 test from MATRIX
[ RUN      ] MATRIX.get_el
[       OK ] MATRIX.get_el (0 ms)
[----------] 1 test from MATRIX (0 ms total)

[----------] Global test environment tear-down
[==========] 1 test from 1 test suite ran. (0 ms total)
[  PASSED  ] 1 test.
<end of output>
Test time =   0.01 sec
----------------------------------------------------------
Test Passed.
"MATRIX.get_el" end time: Dec 23 10:50 MSK
"MATRIX.get_el" time elapsed: 00:00:00
----------------------------------------------------------

17/22 Testing: POLY.sub
17/22 Test: POLY.sub
Command: "/home/lixhappy/codes/cpp/zachet/build/tests" "--gtest_filter=POLY.sub" "--gtest_also_run_disabled_tests"
Directory: /home/lixhappy/codes/cpp/zachet/build
"POLY.sub" start time: Dec 23 10:50 MSK
Output:
----------------------------------------------------------
Running main() from /home/lixhappy/codes/cpp/zachet/build/_deps/googletest-src/googletest/src/gtest_main.cc
Note: Google Test filter = POLY.sub
[==========] Running 1 test from 1 test suite.
[----------] Global test environment set-up.
[----------] 1 test from POLY
[ RUN      ] POLY.sub
[       OK ] POLY.sub (0 ms)
[----------] 1 test from POLY (0 ms total)

[----------] Global test environment tear-down
[==========] 1 test from 1 test suite ran. (0 ms total)
[  PASSED  ] 1 test.
<end of output>
Test time =   0.01 sec
----------------------------------------------------------
Test Passed.
"POLY.sub" end time: Dec 23 10:50 MSK
"POLY.sub" time elapsed: 00:00:00
----------------------------------------------------------

13/22 Testing: POLY.push
13/22 Test: POLY.push
Command: "/home/lixhappy/codes/cpp/zachet/build/tests" "--gtest_filter=POLY.push" "--gtest_also_run_disabled_tests"
Directory: /home/lixhappy/codes/cpp/zachet/build
"POLY.push" start time: Dec 23 10:50 MSK
Output:
----------------------------------------------------------
Running main() from /home/lixhappy/codes/cpp/zachet/build/_deps/googletest-src/googletest/src/gtest_main.cc
Note: Google Test filter = POLY.push
[==========] Running 1 test from 1 test suite.
[----------] Global test environment set-up.
[----------] 1 test from POLY
[ RUN      ] POLY.push
[       OK ] POLY.push (0 ms)
[----------] 1 test from POLY (0 ms total)

[----------] Global test environment tear-down
[==========] 1 test from 1 test suite ran. (0 ms total)
[  PASSED  ] 1 test.
<end of output>
Test time =   0.01 sec
----------------------------------------------------------
Test Passed.
"POLY.push" end time: Dec 23 10:50 MSK
"POLY.push" time elapsed: 00:00:00
----------------------------------------------------------

10/22 Testing: MATRIX.rotate_square
10/22 Test: MATRIX.rotate_square
Command: "/home/lixhappy/codes/cpp/zachet/build/tests" "--gtest_filter=MATRIX.rotate_square" "--gtest_also_run_disabled_tests"
Directory: /home/lixhappy/codes/cpp/zachet/build
"MATRIX.rotate_square" start time: Dec 23 10:50 MSK
Output:
----------------------------------------------------------
Running main() from /home/lixhappy/codes/cpp/zachet/build/_deps/googletest-src/googletest/src/gtest_main.cc
Note: Google Test filter = MATRIX.rotate_square
[==========] Running 1 test from 1 test suite.
[----------] Global test environment set-up.
[----------] 1 test from MATRIX
[ RUN      ] MATRIX.rotate_square
[       OK ] MATRIX.rotate_square (0 ms)
[----------] 1 test from MATRIX (0 ms total)

[----------] Global test environment tear-down
[==========] 1 test from 1 test suite ran. (0 ms total)
[  PASSED  ] 1 test.
<end of output>
Test time =   0.01 sec
----------------------------------------------------------
Test Passed.
"MATRIX.rotate_square" end time: Dec 23 10:50 MSK
"MATRIX.rotate_square" time elapsed: 00:00:00
----------------------------------------------------------

15/22 Testing: POLY.add
15/22 Test: POLY.add
Command: "/home/lixhappy/codes/cpp/zachet/build/tests" "--gtest_filter=POLY.add" "--gtest_also_run_disabled_tests"
Directory: /home/lixhappy/codes/cpp/zachet/build
"POLY.add" start time: Dec 23 10:50 MSK
Output:
----------------------------------------------------------
Running main() from /home/lixhappy/codes/cpp/zachet/build/_deps/googletest-src/googletest/src/gtest_main.cc
Note: Google Test filter = POLY.add
[==========] Running 1 test from 1 test suite.
[----------] Global test environment set-up.
[----------] 1 test from POLY
[ RUN      ] POLY.add
[       OK ] POLY.add (0 ms)
[----------] 1 test from POLY (0 ms total)

[----------] Global test environment tear-down
[==========] 1 test from 1 test suite ran. (0 ms total)
[  PASSED  ] 1 test.
<end of output>
Test time =   0.01 sec
----------------------------------------------------------
Test Passed.
"POLY.add" end time: Dec 23 10:50 MSK
"POLY.add" time elapsed: 00:00:00
----------------------------------------------------------

16/22 Testing: POLY.diff
16/22 Test: POLY.diff
Command: "/home/lixhappy/codes/cpp/zachet/build/tests" "--gtest_filter=POLY.diff" "--gtest_also_run_disabled_tests"
Directory: /home/lixhappy/codes/cpp/zachet/build
"POLY.diff" start time: Dec 23 10:50 MSK
Output:
----------------------------------------------------------
Running main() from /home/lixhappy/codes/cpp/zachet/build/_deps/googletest-src/googletest/src/gtest_main.cc
Note: Google Test filter = POLY.diff
[==========] Running 1 test from 1 test suite.
[----------] Global test environment set-up.
[----------] 1 test from POLY
[ RUN      ] POLY.diff
[       OK ] POLY.diff (0 ms)
[----------] 1 test from POLY (0 ms total)

[----------] Global test environment tear-down
[==========] 1 test from 1 test suite ran. (0 ms total)
[  PASSED  ] 1 test.
<end of output>
Test time =   0.01 sec
----------------------------------------------------------
Test Passed.
"POLY.diff" end time: Dec 23 10:50 MSK
"POLY.diff" time elapsed: 00:00:00
----------------------------------------------------------

22/22 Testing: POLY.div
22/22 Test: POLY.div
Command: "/home/lixhappy/codes/cpp/zachet/build/tests" "--gtest_filter=POLY.div" "--gtest_also_run_disabled_tests"
Directory: /home/lixhappy/codes/cpp/zachet/build
"POLY.div" start time: Dec 23 10:50 MSK
Output:
----------------------------------------------------------
Running main() from /home/lixhappy/codes/cpp/zachet/build/_deps/googletest-src/googletest/src/gtest_main.cc
Note: Google Test filter = POLY.div
[==========] Running 1 test from 1 test suite.
[----------] Global test environment set-up.
[----------] 1 test from POLY
[ RUN      ] POLY.div
[       OK ] POLY.div (0 ms)
[----------] 1 test from POLY (0 ms total)

[----------] Global test environment tear-down
[==========] 1 test from 1 test suite ran. (0 ms total)
[  PASSED  ] 1 test.
<end of output>
Test time =   0.01 sec
----------------------------------------------------------
Test Passed.
"POLY.div" end time: Dec 23 10:50 MSK
"POLY.div" time elapsed: 00:00:00
----------------------------------------------------------

6/22 Testing: MATRIX.swap_col
6/22 Test: MATRIX.swap_col
Command: "/home/lixhappy/codes/cpp/zachet/build/tests" "--gtest_filter=MATRIX.swap_col" "--gtest_also_run_disabled_tests"
Directory: /home/lixhappy/codes/cpp/zachet/build
"MATRIX.swap_col" start time: Dec 23 10:50 MSK
Output:
----------------------------------------------------------
Running main() from /home/lixhappy/codes/cpp/zachet/build/_deps/googletest-src/googletest/src/gtest_main.cc
Note: Google Test filter = MATRIX.swap_col
[==========] Running 1 test from 1 test suite.
[----------] Global test environment set-up.
[----------] 1 test from MATRIX
[ RUN      ] MATRIX.swap_col
[       OK ] MATRIX.swap_col (0 ms)
[----------] 1 test from MATRIX (0 ms total)

[----------] Global test environment tear-down
[==========] 1 test from 1 test suite ran. (0 ms total)
[  PASSED  ] 1 test.
<end of output>
Test time =   0.01 sec
----------------------------------------------------------
Test Passed.
"MATRIX.swap_col" end time: Dec 23 10:50 MSK
"MATRIX.swap_col" time elapsed: 00:00:00
----------------------------------------------------------

3/22 Testing: MATRIX.linked_test
3/22 Test: MATRIX.linked_test
Command: "/home/lixhappy/codes/cpp/zachet/build/tests" "--gtest_filter=MATRIX.linked_test" "--gtest_also_run_disabled_tests"
Directory: /home/lixhappy/codes/cpp/zachet/build
"MATRIX.linked_test" start time: Dec 23 10:50 MSK
Output:
----------------------------------------------------------
Running main() from /home/lixhappy/codes/cpp/zachet/build/_deps/googletest-src/googletest/src/gtest_main.cc
Note: Google Test filter = MATRIX.linked_test
[==========] Running 1 test from 1 test suite.
[----------] Global test environment set-up.
[----------] 1 test from MATRIX
[ RUN      ] MATRIX.linked_test
[       OK ] MATRIX.linked_test (0 ms)
[----------] 1 test from MATRIX (0 ms total)

[----------] Global test environment tear-down
[==========] 1 test from 1 test suite ran. (0 ms total)
[  PASSED  ] 1 test.
<end of output>
Test time =   0.01 sec
----------------------------------------------------------
Test Passed.
"MATRIX.linked_test" end time: Dec 23 10:50 MSK
"MATRIX.linked_test" time elapsed: 00:00:00
----------------------------------------------------------

2/22 Testing: SortTest.quicksort
2/22 Test: SortTest.quicksort
Command: "/home/lixhappy/codes/cpp/zachet/build/tests" "--gtest_filter=SortTest.quicksort" "--gtest_also_run_disabled_tests"
Directory: /home/lixhappy/codes/cpp/zachet/build
"SortTest.quicksort" start time: Dec 23 10:50 MSK
Output:
----------------------------------------------------------
Running main() from /home/lixhappy/codes/cpp/zachet/build/_deps/googletest-src/googletest/src/gtest_main.cc
Note: Google Test filter = SortTest.quicksort
[==========] Running 1 test from 1 test suite.
[----------] Global test environment set-up.
[----------] 1 test from SortTest
[ RUN      ] SortTest.quicksort
[       OK ] SortTest.quicksort (0 ms)
[----------] 1 test from SortTest (0 ms total)

[----------] Global test environment tear-down
[==========] 1 test from 1 test suite ran. (0 ms total)
[  PASSED  ] 1 test.
<end of output>
Test time =   0.01 sec
----------------------------------------------------------
Test Passed.
"SortTest.quicksort" end time: Dec 23 10:50 MSK
"SortTest.quicksort" time elapsed: 00:00:00
----------------------------------------------------------

12/22 Testing: POLY.linked_test
12/22 Test: POLY.linked_test
Command: "/home/lixhappy/codes/cpp/zachet/build/tests" "--gtest_filter=POLY.linked_test" "--gtest_also_run_disabled_tests"
Directory: /home/lixhappy/codes/cpp/zachet/build
"POLY.linked_test" start time: Dec 23 10:50 MSK
Output:
----------------------------------------------------------
Running main() from /home/lixhappy/codes/cpp/zachet/build/_deps/googletest-src/googletest/src/gtest_main.cc
Note: Google Test filter = POLY.linked_test
[==========] Running 1 test from 1 test suite.
[----------] Global test environment set-up.
[----------] 1 test from POLY
[ RUN      ] POLY.linked_test
[       OK ] POLY.linked_test (0 ms)
[----------] 1 test from POLY (0 ms total)

[----------] Global test environment tear-down
[==========] 1 test from 1 test suite ran. (0 ms total)
[  PASSED  ] 1 test.
<end of output>
Test time =   0.01 sec
----------------------------------------------------------
Test Passed.
"POLY.linked_test" end time: Dec 23 10:50 MSK
"POLY.linked_test" time elapsed: 00:00:00
----------------------------------------------------------

1/22 Testing: TEST_TEST.testing_test
1/22 Test: TEST_TEST.testing_test
Command: "/home/lixhappy/codes/cpp/zachet/build/tests" "--gtest_filter=TEST_TEST.testing_test" "--gtest_also_run_disabled_tests"
Directory: /home/lixhappy/codes/cpp/zachet/build
"TEST_TEST.testing_test" start time: Dec 23 10:50 MSK
Output:
----------------------------------------------------------
Running main() from /home/lixhappy/codes/cpp/zachet/build/_deps/googletest-src/googletest/src/gtest_main.cc
Note: Google Test filter = TEST_TEST.testing_test
[==========] Running 1 test from 1 test suite.
[----------] Global test environment set-up.
[----------] 1 test from TEST_TEST
[ RUN      ] TEST_TEST.testing_test
[       OK ] TEST_TEST.testing_test (0 ms)
[----------] 1 test from TEST_TEST (0 ms total)

[----------] Global test environment tear-down
[==========] 1 test from 1 test suite ran. (0 ms total)
[  PASSED  ] 1 test.
<end of output>
Test time =   0.00 sec
----------------------------------------------------------
Test Passed.
"TEST_TEST.testing_test" end time: Dec 23 10:50 MSK
"TEST_TEST.testing_test" time elapsed: 00:00:00
----------------------------------------------------------

7/22 Testing: MATRIX.swap_row
7/22 Test: MATRIX.swap_row
Command: "/home/lixhappy/codes/cpp/zachet/build/tests" "--gtest_filter=MATRIX.swap_row" "--gtest_also_run_disabled_tests"
Directory: /home/lixhappy/codes/cpp/zachet/build
"MATRIX.swap_row" start time: Dec 23 10:50 MSK
Output:
----------------------------------------------------------
Running main() from /home/lixhappy/codes/cpp/zachet/build/_deps/googletest-src/googletest/src/gtest_main.cc
Note: Google Test filter = MATRIX.swap_row
[==========] Running 1 test from 1 test suite.
[----------] Global test environment set-up.
[----------] 1 test from MATRIX
[ RUN      ] MATRIX.swap_row
[       OK ] MATRIX.swap_row (0 ms)
[----------] 1 test from MATRIX (0 ms total)

[----------] Global test environment tear-down
[==========] 1 test from 1 test suite ran. (0 ms total)
[  PASSED  ] 1 test.
<end of output>
Test time =   0.00 sec
----------------------------------------------------------
Test Passed.
"MATRIX.swap_row" end time: Dec 23 10:50 MSK
"MATRIX.swap_row" time elapsed: 00:00:00
----------------------------------------------------------

21/22 Testing: POLY.rem_and_mod
21/22 Test: POLY.rem_and_mod
Command: "/home/lixhappy/codes/cpp/zachet/build/tests" "--gtest_filter=POLY.rem_and_mod" "--gtest_also_run_disabled_tests"
Directory: /home/lixhappy/codes/cpp/zachet/build
"POLY.rem_and_mod" start time: Dec 23 10:50 MSK
Output:
----------------------------------------------------------
Running main() from /home/lixhappy/codes/cpp/zachet/build/_deps/googletest-src/googletest/src/gtest_main.cc
Note: Google Test filter = POLY.rem_and_mod
[==========] Running 1 test from 1 test suite.
[----------] Global test environment set-up.
[----------] 1 test from POLY
[ RUN      ] POLY.rem_and_mod
[       OK ] POLY.rem_and_mod (0 ms)
[----------] 1 test from POLY (0 ms total)

[----------] Global test environment tear-down
[==========] 1 test from 1 test suite ran. (0 ms total)
[  PASSED  ] 1 test.
<end of output>
Test time =   0.00 sec
----------------------------------------------------------
Test Passed.
"POLY.rem_and_mod" end time: Dec 23 10:50 MSK
"POLY.rem_and_mod" time elapsed: 00:00:00
----------------------------------------------------------

End testing: Dec 23 10:50 MSK
