Start testing: Dec 20 23:43 MSK
----------------------------------------------------------
3/3 Testing: POLY.linked_test
3/3 Test: POLY.linked_test
Command: "/home/lixhappy/codes/cpp/zachet/build/tests" "--gtest_filter=POLY.linked_test" "--gtest_also_run_disabled_tests"
Directory: /home/lixhappy/codes/cpp/zachet/build
"POLY.linked_test" start time: Dec 20 23:43 MSK
Output:
----------------------------------------------------------
Running main() from /home/lixhappy/codes/cpp/zachet/build/_deps/googletest-src/googletest/src/gtest_main.cc
Note: Google Test filter = POLY.linked_test
[==========] Running 1 test from 1 test suite.
[----------] Global test environment set-up.
[----------] 1 test from POLY
[ RUN      ] POLY.linked_test
[       OK ] POLY.linked_test (0 ms)
[----------] 1 test from POLY (0 ms total)

[----------] Global test environment tear-down
[==========] 1 test from 1 test suite ran. (0 ms total)
[  PASSED  ] 1 test.
<end of output>
Test time =   0.00 sec
----------------------------------------------------------
Test Passed.
"POLY.linked_test" end time: Dec 20 23:43 MSK
"POLY.linked_test" time elapsed: 00:00:00
----------------------------------------------------------

1/3 Testing: TEST_TEST.testing_test
1/3 Test: TEST_TEST.testing_test
Command: "/home/lixhappy/codes/cpp/zachet/build/tests" "--gtest_filter=TEST_TEST.testing_test" "--gtest_also_run_disabled_tests"
Directory: /home/lixhappy/codes/cpp/zachet/build
"TEST_TEST.testing_test" start time: Dec 20 23:43 MSK
Output:
----------------------------------------------------------
Running main() from /home/lixhappy/codes/cpp/zachet/build/_deps/googletest-src/googletest/src/gtest_main.cc
Note: Google Test filter = TEST_TEST.testing_test
[==========] Running 1 test from 1 test suite.
[----------] Global test environment set-up.
[----------] 1 test from TEST_TEST
[ RUN      ] TEST_TEST.testing_test
[       OK ] TEST_TEST.testing_test (0 ms)
[----------] 1 test from TEST_TEST (0 ms total)

[----------] Global test environment tear-down
[==========] 1 test from 1 test suite ran. (0 ms total)
[  PASSED  ] 1 test.
<end of output>
Test time =   0.00 sec
----------------------------------------------------------
Test Passed.
"TEST_TEST.testing_test" end time: Dec 20 23:43 MSK
"TEST_TEST.testing_test" time elapsed: 00:00:00
----------------------------------------------------------

2/3 Testing: MATRIX.linked_test
2/3 Test: MATRIX.linked_test
Command: "/home/lixhappy/codes/cpp/zachet/build/tests" "--gtest_filter=MATRIX.linked_test" "--gtest_also_run_disabled_tests"
Directory: /home/lixhappy/codes/cpp/zachet/build
"MATRIX.linked_test" start time: Dec 20 23:43 MSK
Output:
----------------------------------------------------------
Running main() from /home/lixhappy/codes/cpp/zachet/build/_deps/googletest-src/googletest/src/gtest_main.cc
Note: Google Test filter = MATRIX.linked_test
[==========] Running 1 test from 1 test suite.
[----------] Global test environment set-up.
[----------] 1 test from MATRIX
[ RUN      ] MATRIX.linked_test
[       OK ] MATRIX.linked_test (0 ms)
[----------] 1 test from MATRIX (0 ms total)

[----------] Global test environment tear-down
[==========] 1 test from 1 test suite ran. (0 ms total)
[  PASSED  ] 1 test.
<end of output>
Test time =   0.00 sec
----------------------------------------------------------
Test Passed.
"MATRIX.linked_test" end time: Dec 20 23:43 MSK
"MATRIX.linked_test" time elapsed: 00:00:00
----------------------------------------------------------

End testing: Dec 20 23:43 MSK
