<?xml version="1.0" encoding="UTF-8"?>
<Site BuildName="Linux-g++"
	BuildStamp="20221223-0224-Experimental"
	Name="fedora"
	Generator="ctest-3.25.1"
	CompilerName="/usr/bin/g++"
	CompilerVersion="12.2.1"
	OSName="Linux"
	Hostname="fedora"
	OSRelease="6.0.13-300.fc37.x86_64"
	OSVersion="#1 SMP PREEMPT_DYNAMIC Wed Dec 14 16:15:19 UTC 2022"
	OSPlatform="x86_64"
	Is64Bits="1"
	VendorString="AuthenticAMD"
	VendorID="Advanced Micro Devices"
	FamilyID="23"
	ModelID="96"
	ProcessorCacheSize="512"
	NumberOfLogicalCPU="6"
	NumberOfPhysicalCPU="6"
	TotalVirtualMemory="15547"
	TotalPhysicalMemory="7356"
	LogicalProcessorsPerPhysical="1"
	ProcessorClockFrequency="1383.11"
	>
	<Testing>
		<StartDateTime>Dec 23 10:50 MSK</StartDateTime>
		<StartTestTime>1671781855</StartTestTime>
		<TestList>
			<Test>./MATRIX.equal</Test>
			<Test>./MATRIX.transpose_not_square</Test>
			<Test>./MATRIX.transpose_square</Test>
			<Test>./POLY.quot</Test>
			<Test>./POLY.mul</Test>
			<Test>./POLY.sum</Test>
			<Test>./POLY.factor</Test>
			<Test>./MATRIX.rotate_not_square</Test>
			<Test>./MATRIX.get_el</Test>
			<Test>./POLY.sub</Test>
			<Test>./POLY.push</Test>
			<Test>./MATRIX.rotate_square</Test>
			<Test>./POLY.add</Test>
			<Test>./POLY.diff</Test>
			<Test>./POLY.div</Test>
			<Test>./MATRIX.swap_col</Test>
			<Test>./MATRIX.linked_test</Test>
			<Test>./SortTest.quicksort</Test>
			<Test>./POLY.linked_test</Test>
			<Test>./TEST_TEST.testing_test</Test>
			<Test>./MATRIX.swap_row</Test>
			<Test>./POLY.rem_and_mod</Test>
		</TestList>
		<Test Status="passed">
			<Name>MATRIX.equal</Name>
			<Path>.</Path>
			<FullName>./MATRIX.equal</FullName>
			<FullCommandLine>/home/lixhappy/codes/cpp/zachet/build/tests "--gtest_filter=MATRIX.equal" "--gtest_also_run_disabled_tests"</FullCommandLine>
			<Results>
				<NamedMeasurement type="numeric/double" name="Execution Time">
					<Value>0.00927086</Value>
				</NamedMeasurement>
				<NamedMeasurement type="numeric/double" name="Processors">
					<Value>1</Value>
				</NamedMeasurement>
				<NamedMeasurement type="text/string" name="Completion Status">
					<Value>Completed</Value>
				</NamedMeasurement>
				<NamedMeasurement type="text/string" name="Command Line">
					<Value>/home/lixhappy/codes/cpp/zachet/build/tests "--gtest_filter=MATRIX.equal" "--gtest_also_run_disabled_tests"</Value>
				</NamedMeasurement>
				<NamedMeasurement type="text/string" name="Environment">
					<Value>#CTEST_RESOURCE_GROUP_COUNT=</Value>
				</NamedMeasurement>
				<Measurement>
					<Value encoding="base64" compression="gzip">eJyNkM1qwzAQhO96ij3GB1vNtZBDoCWU0qQ4KRSMCYq8sQWypErr/j19bSuExFDaPe1qRqNPm3fGKFNDK5SZJXD0tgXe2Ba5Vp+NcO6LS1th4NI5/i1kg8QPndIV31foAq+trTUSBkqDlxcjH8eh2w/ZmZRsbQlvYTVaYNcrcFSa0MMCnpa7/OE1w7dOaFYszlVCfgKcA403BsBTHzpFmLEiPVcJK20PQkcdzbvy1rRoei9S2rmJ+TIzErAC8pc1jFVOqOIpbB4nCsxuoA3JX9HRBmRJ6IT9j5pQ+LSyH+Z6J7/tArww2fU7PfXzcru9vxv+E70Z+wEbRJyb====</Value>
				</Measurement>
			</Results>
		</Test>
		<Test Status="passed">
			<Name>MATRIX.transpose_not_square</Name>
			<Path>.</Path>
			<FullName>./MATRIX.transpose_not_square</FullName>
			<FullCommandLine>/home/lixhappy/codes/cpp/zachet/build/tests "--gtest_filter=MATRIX.transpose_not_square" "--gtest_also_run_disabled_tests"</FullCommandLine>
			<Results>
				<NamedMeasurement type="numeric/double" name="Execution Time">
					<Value>0.00987863</Value>
				</NamedMeasurement>
				<NamedMeasurement type="numeric/double" name="Processors">
					<Value>1</Value>
				</NamedMeasurement>
				<NamedMeasurement type="text/string" name="Completion Status">
					<Value>Completed</Value>
				</NamedMeasurement>
				<NamedMeasurement type="text/string" name="Command Line">
					<Value>/home/lixhappy/codes/cpp/zachet/build/tests "--gtest_filter=MATRIX.transpose_not_square" "--gtest_also_run_disabled_tests"</Value>
				</NamedMeasurement>
				<NamedMeasurement type="text/string" name="Environment">
					<Value>#CTEST_RESOURCE_GROUP_COUNT=</Value>
				</NamedMeasurement>
				<Measurement>
					<Value encoding="base64" compression="gzip">eJyNkE1rwzAMhu/5FTo2h8TbddBDYaOMsW6kHQxCCK6jJgbH8mxlX79++SilHbSbThJ6ePW+yjprta2hldrOYth5akE01KIw+rORzn0JRRUGoZwT31I1yGLbaVOJskIXRE1UG2QMnASvjkYxjkNXDtqpUtGKGG9gOSKw6Tew04bRwxweF5vs/jVlL21wFLC0xGV466THKJ8fqoBs7/caeBQY/O770GnGNMqTQxWwNLSVZtqjfdeebIu2Z5GTzv2CjzUnQ1EO2csKxioum5wgeHq4DMLsCtoQ/3V4woCJpYmj/2VilD6p6MOefuzcp6B3l57e6UM8L9bru9sh7cSm0Q9Hia/Q====</Value>
				</Measurement>
			</Results>
		</Test>
		<Test Status="passed">
			<Name>MATRIX.transpose_square</Name>
			<Path>.</Path>
			<FullName>./MATRIX.transpose_square</FullName>
			<FullCommandLine>/home/lixhappy/codes/cpp/zachet/build/tests "--gtest_filter=MATRIX.transpose_square" "--gtest_also_run_disabled_tests"</FullCommandLine>
			<Results>
				<NamedMeasurement type="numeric/double" name="Execution Time">
					<Value>0.0108885</Value>
				</NamedMeasurement>
				<NamedMeasurement type="numeric/double" name="Processors">
					<Value>1</Value>
				</NamedMeasurement>
				<NamedMeasurement type="text/string" name="Completion Status">
					<Value>Completed</Value>
				</NamedMeasurement>
				<NamedMeasurement type="text/string" name="Command Line">
					<Value>/home/lixhappy/codes/cpp/zachet/build/tests "--gtest_filter=MATRIX.transpose_square" "--gtest_also_run_disabled_tests"</Value>
				</NamedMeasurement>
				<NamedMeasurement type="text/string" name="Environment">
					<Value>#CTEST_RESOURCE_GROUP_COUNT=</Value>
				</NamedMeasurement>
				<Measurement>
					<Value encoding="base64" compression="gzip">eJyNkE1rwzAMhu/+FTo2h8TbddBDYaOMsW6kHQxCCK6jJgbH9mxlX79+SVxKOwibThJ6JL2v8t4YZRrohDKLBA7edsBb2yHX6rMVzn1xaWsMXDrHv4Vskfi+V7rmVY0u8MbaRiNhoDR4eVbyqRyzatydSck2lvAG1hMCu6EDB6UJPSzhcbXL718z8sIEZwNW4a0XHlmxPEUJ+VHrNdA0PGo95qFXhBkr0lOUsNZ2L3Tso3lX3poOzcAipb37BZ/vjGJYAfnLBqYo5wVGAJ4e5iFYXEEXkr8ORgzIktAJ+58XQuHT2n6Yy0/NfQgGZdnlncHA82q7vbsdXUY2Yz+hy6rA====</Value>
				</Measurement>
			</Results>
		</Test>
		<Test Status="passed">
			<Name>POLY.quot</Name>
			<Path>.</Path>
			<FullName>./POLY.quot</FullName>
			<FullCommandLine>/home/lixhappy/codes/cpp/zachet/build/tests "--gtest_filter=POLY.quot" "--gtest_also_run_disabled_tests"</FullCommandLine>
			<Results>
				<NamedMeasurement type="numeric/double" name="Execution Time">
					<Value>0.0112465</Value>
				</NamedMeasurement>
				<NamedMeasurement type="numeric/double" name="Processors">
					<Value>1</Value>
				</NamedMeasurement>
				<NamedMeasurement type="text/string" name="Completion Status">
					<Value>Completed</Value>
				</NamedMeasurement>
				<NamedMeasurement type="text/string" name="Command Line">
					<Value>/home/lixhappy/codes/cpp/zachet/build/tests "--gtest_filter=POLY.quot" "--gtest_also_run_disabled_tests"</Value>
				</NamedMeasurement>
				<NamedMeasurement type="text/string" name="Environment">
					<Value>#CTEST_RESOURCE_GROUP_COUNT=</Value>
				</NamedMeasurement>
				<Measurement>
					<Value encoding="base64" compression="gzip">eJyNkE1rwzAMhu/+FTo2h8TbddDDYKOHjbak22GEUFxHTQyO5dnKvn798lFKOtiYTvp4ePVKeeeccTW0yrhFAsdALciGWpTWfDTK+0+pqcIotffyS+kGWR46Yyu5r9BHWRPVFhkjpzHoWSnHcsj2g3amtVgT4w2sRgSe+gkcjWUMsITt5vEle+2IRbE8Rwn5yd018IgP7k557AxjJor0HCWsLB2Unebo3kwg16LrWeS08z/gueawXhSQP69hjHJuaGrB5mHehsUVtDH5W3KCgImVTcT/vDKqkFb07i4/8dsHICiXXe7pDW9vd7v7u+GOic3EN0RgmNk=</Value>
				</Measurement>
			</Results>
		</Test>
		<Test Status="passed">
			<Name>POLY.mul</Name>
			<Path>.</Path>
			<FullName>./POLY.mul</FullName>
			<FullCommandLine>/home/lixhappy/codes/cpp/zachet/build/tests "--gtest_filter=POLY.mul" "--gtest_also_run_disabled_tests"</FullCommandLine>
			<Results>
				<NamedMeasurement type="numeric/double" name="Execution Time">
					<Value>0.0121688</Value>
				</NamedMeasurement>
				<NamedMeasurement type="numeric/double" name="Processors">
					<Value>1</Value>
				</NamedMeasurement>
				<NamedMeasurement type="text/string" name="Completion Status">
					<Value>Completed</Value>
				</NamedMeasurement>
				<NamedMeasurement type="text/string" name="Command Line">
					<Value>/home/lixhappy/codes/cpp/zachet/build/tests "--gtest_filter=POLY.mul" "--gtest_also_run_disabled_tests"</Value>
				</NamedMeasurement>
				<NamedMeasurement type="text/string" name="Environment">
					<Value>#CTEST_RESOURCE_GROUP_COUNT=</Value>
				</NamedMeasurement>
				<Measurement>
					<Value encoding="base64" compression="gzip">eJyNkMlqwzAQhu96ijnGB1vttZBDoSWHliQ47aEYExR5Ygu0IY26PX29hOAUWjKnWT7++WfKZK2yLRih7CKDY3AGeOcMcq0+O+H9F5euwcil9/xbyA6JH5LSDd836CNvnWs1EkbKY5Czko/lkO0H7UJKtnaEd7AaEXjpJ3BUmjDAErab57fCJM2q5TlqKE/mboFGejB3ymNShAWr8nPUsNLuIPQ0R/uugrMGbc8i5cn/gueaw3ZWQfm6hjHqmZ+pA5unWRcWN2Bi9r/gBAE5Ejpj1zklFCFv3Ie9/MNf90MQtrjc0/vd3u92jw/DFRNbsB/x/pdo====</Value>
				</Measurement>
			</Results>
		</Test>
		<Test Status="passed">
			<Name>POLY.sum</Name>
			<Path>.</Path>
			<FullName>./POLY.sum</FullName>
			<FullCommandLine>/home/lixhappy/codes/cpp/zachet/build/tests "--gtest_filter=POLY.sum" "--gtest_also_run_disabled_tests"</FullCommandLine>
			<Results>
				<NamedMeasurement type="numeric/double" name="Execution Time">
					<Value>0.0128279</Value>
				</NamedMeasurement>
				<NamedMeasurement type="numeric/double" name="Processors">
					<Value>1</Value>
				</NamedMeasurement>
				<NamedMeasurement type="text/string" name="Completion Status">
					<Value>Completed</Value>
				</NamedMeasurement>
				<NamedMeasurement type="text/string" name="Command Line">
					<Value>/home/lixhappy/codes/cpp/zachet/build/tests "--gtest_filter=POLY.sum" "--gtest_also_run_disabled_tests"</Value>
				</NamedMeasurement>
				<NamedMeasurement type="text/string" name="Environment">
					<Value>#CTEST_RESOURCE_GROUP_COUNT=</Value>
				</NamedMeasurement>
				<Measurement>
					<Value encoding="base64" compression="gzip">eJyNkMlqwzAQhu96ijnGB1vttZBDoSWHliQ47aEYExR5Ygu0IY26PX29hOAUWjKnWT7++WfKZK2yLRih7CKDY3AGeOcMcq0+O+H9F5euwcil9/xbyA6JH5LSDd836CNvnWs1EkbKY5Czko/lkO0H7UJKtnaEd7AaEXjpJ3BUmjDAErab57ciJsOq5TlqKE/mboFGejB3ymNShAWr8nPUsNLuIPQ0R/uugrMGbc8i5cn/gueaw3ZWQfm6hjHqmZ+pA5unWRcWN2Bi9r/gBAE5Ejpj1zklFCFv3Ie9/MNf90MQtrjc0/vd3u92jw/DFRNbsB8F2pd9====</Value>
				</Measurement>
			</Results>
		</Test>
		<Test Status="passed">
			<Name>POLY.factor</Name>
			<Path>.</Path>
			<FullName>./POLY.factor</FullName>
			<FullCommandLine>/home/lixhappy/codes/cpp/zachet/build/tests "--gtest_filter=POLY.factor" "--gtest_also_run_disabled_tests"</FullCommandLine>
			<Results>
				<NamedMeasurement type="numeric/double" name="Execution Time">
					<Value>0.012364</Value>
				</NamedMeasurement>
				<NamedMeasurement type="numeric/double" name="Processors">
					<Value>1</Value>
				</NamedMeasurement>
				<NamedMeasurement type="text/string" name="Completion Status">
					<Value>Completed</Value>
				</NamedMeasurement>
				<NamedMeasurement type="text/string" name="Command Line">
					<Value>/home/lixhappy/codes/cpp/zachet/build/tests "--gtest_filter=POLY.factor" "--gtest_also_run_disabled_tests"</Value>
				</NamedMeasurement>
				<NamedMeasurement type="text/string" name="Environment">
					<Value>#CTEST_RESOURCE_GROUP_COUNT=</Value>
				</NamedMeasurement>
				<Measurement>
					<Value encoding="base64" compression="gzip">eJyNkMtqwzAQRff6ilnGC1vttpBFoSWLliQ47aIEExR5bAtkjZDGfX19/QghLrRkVjO6V1dHk3fOGVdDq4xbJFAFakE21KK05rNR3n9JTSVGqb2X30o3yPLYGVvKQ4k+ypqotsgYOY1BX4xyHIfuMGRnWos1Md7BarTAS69AZSxjgCVsN89vWaU0UxD75bkKyE98t8DjhYHv1MfOMGZin56rgJWlo7KTju7dBHItut6LnHb+l/kycwAQe8hf1zBWMUeaDmHzNBdgcQNtTP6PnUzAxMom4jpeRhXSkj7cfBt/bQGCctn8nR55e7/bPT4Mf5m8mfgBPYCa+w==</Value>
				</Measurement>
			</Results>
		</Test>
		<Test Status="passed">
			<Name>MATRIX.rotate_not_square</Name>
			<Path>.</Path>
			<FullName>./MATRIX.rotate_not_square</FullName>
			<FullCommandLine>/home/lixhappy/codes/cpp/zachet/build/tests "--gtest_filter=MATRIX.rotate_not_square" "--gtest_also_run_disabled_tests"</FullCommandLine>
			<Results>
				<NamedMeasurement type="numeric/double" name="Execution Time">
					<Value>0.0149717</Value>
				</NamedMeasurement>
				<NamedMeasurement type="numeric/double" name="Processors">
					<Value>1</Value>
				</NamedMeasurement>
				<NamedMeasurement type="text/string" name="Completion Status">
					<Value>Completed</Value>
				</NamedMeasurement>
				<NamedMeasurement type="text/string" name="Command Line">
					<Value>/home/lixhappy/codes/cpp/zachet/build/tests "--gtest_filter=MATRIX.rotate_not_square" "--gtest_also_run_disabled_tests"</Value>
				</NamedMeasurement>
				<NamedMeasurement type="text/string" name="Environment">
					<Value>#CTEST_RESOURCE_GROUP_COUNT=</Value>
				</NamedMeasurement>
				<Measurement>
					<Value encoding="base64" compression="gzip">eJyNkE1rwzAMhu/+FTo2h8TbddBDYaOMsW6kHQxCCK6jJgbH9mxlX79+SVxKO2g3nST0SHpf5b0xyjTQCWVmCey87YC3tkOu1WcrnPvi0tYYuHSOfwvZIvFtr3TNqxpd4I21jUbCQGnw8qjkUzlm1bg7k5KtLOENLCcENkMHdkoTepjD42KT379m3pIgrIylKrz1wiMr5ocoId+LvQaapkex+zz0ijBjRXqIEpbaboWOfTTvylvToRlYpLR3v+DjnVENKyB/WcEU5QWFkYCnhwsUzK6gC8lfJyMGNIzrhP3PDaHwaW0/zOmvzv0IvDDZ6Z3BwfNivb67HX1GNmM/32ur4A==</Value>
				</Measurement>
			</Results>
		</Test>
		<Test Status="passed">
			<Name>MATRIX.get_el</Name>
			<Path>.</Path>
			<FullName>./MATRIX.get_el</FullName>
			<FullCommandLine>/home/lixhappy/codes/cpp/zachet/build/tests "--gtest_filter=MATRIX.get_el" "--gtest_also_run_disabled_tests"</FullCommandLine>
			<Results>
				<NamedMeasurement type="numeric/double" name="Execution Time">
					<Value>0.01367</Value>
				</NamedMeasurement>
				<NamedMeasurement type="numeric/double" name="Processors">
					<Value>1</Value>
				</NamedMeasurement>
				<NamedMeasurement type="text/string" name="Completion Status">
					<Value>Completed</Value>
				</NamedMeasurement>
				<NamedMeasurement type="text/string" name="Command Line">
					<Value>/home/lixhappy/codes/cpp/zachet/build/tests "--gtest_filter=MATRIX.get_el" "--gtest_also_run_disabled_tests"</Value>
				</NamedMeasurement>
				<NamedMeasurement type="text/string" name="Environment">
					<Value>#CTEST_RESOURCE_GROUP_COUNT=</Value>
				</NamedMeasurement>
				<Measurement>
					<Value encoding="base64" compression="gzip">eJyNkM1qwzAQhO96ij3GB1vttZBDoCWU0rQ4KRSMMYq8sQWyJKR1/56+thVCYijNnnY1o9GnzXtjlGmgE8osEjh42wFvbYdcq69WOPfNpa0xcOkc/xGyReL7XumaVzW6wBtrG42EgdLg5dnIp3HsqjE7k5JtLOEdrCcL7AYFDkoTeljC82qXP75nDVKFmhXLU5WQHwlvgaYrI+GxD70izFiRnqqEtbZ7oaOO5kN5azo0gxcp7d3MfJ4ZEVgB+dsGpirnWPEYXp7mEixuoAvJf+HRBmRJ6IRdx00ofFrbT3O5lb+2AV6Y7PKdAft1td0+3I8/it6M/QIaPJ2j====</Value>
				</Measurement>
			</Results>
		</Test>
		<Test Status="passed">
			<Name>POLY.sub</Name>
			<Path>.</Path>
			<FullName>./POLY.sub</FullName>
			<FullCommandLine>/home/lixhappy/codes/cpp/zachet/build/tests "--gtest_filter=POLY.sub" "--gtest_also_run_disabled_tests"</FullCommandLine>
			<Results>
				<NamedMeasurement type="numeric/double" name="Execution Time">
					<Value>0.013255</Value>
				</NamedMeasurement>
				<NamedMeasurement type="numeric/double" name="Processors">
					<Value>1</Value>
				</NamedMeasurement>
				<NamedMeasurement type="text/string" name="Completion Status">
					<Value>Completed</Value>
				</NamedMeasurement>
				<NamedMeasurement type="text/string" name="Command Line">
					<Value>/home/lixhappy/codes/cpp/zachet/build/tests "--gtest_filter=POLY.sub" "--gtest_also_run_disabled_tests"</Value>
				</NamedMeasurement>
				<NamedMeasurement type="text/string" name="Environment">
					<Value>#CTEST_RESOURCE_GROUP_COUNT=</Value>
				</NamedMeasurement>
				<Measurement>
					<Value encoding="base64" compression="gzip">eJyNkLlqw0AQhvt9iimtQtqkNbgIJLhIsI2cFEEIs1qNpYW92B05x9NHhzFyIMFTzfHxzz+Td9Yq24ARyi4SOAZngLfOINfqsxXef3Hpaoxces+/hWyReNUpXfNDjT7yxrlGI2GkNAY5K/lYDtlh0M6kZBtHuIT1iMBrP4Gj0oQBVrDbvrxnsatYsbpECfnZ3D3QSA/mznnsFGHGivQSJay1q4Se5mhPKjhr0PYsUtr5X/Bcc9jOCsjfNjBGOfMzdWD7POvC4g5MTP4XnCAgR0In7DanhCKktfuw13/4634IwmbXe3q/u4f9/ulxuGJiM/YD5uaXXA==</Value>
				</Measurement>
			</Results>
		</Test>
		<Test Status="passed">
			<Name>POLY.push</Name>
			<Path>.</Path>
			<FullName>./POLY.push</FullName>
			<FullCommandLine>/home/lixhappy/codes/cpp/zachet/build/tests "--gtest_filter=POLY.push" "--gtest_also_run_disabled_tests"</FullCommandLine>
			<Results>
				<NamedMeasurement type="numeric/double" name="Execution Time">
					<Value>0.0123897</Value>
				</NamedMeasurement>
				<NamedMeasurement type="numeric/double" name="Processors">
					<Value>1</Value>
				</NamedMeasurement>
				<NamedMeasurement type="text/string" name="Completion Status">
					<Value>Completed</Value>
				</NamedMeasurement>
				<NamedMeasurement type="text/string" name="Command Line">
					<Value>/home/lixhappy/codes/cpp/zachet/build/tests "--gtest_filter=POLY.push" "--gtest_also_run_disabled_tests"</Value>
				</NamedMeasurement>
				<NamedMeasurement type="text/string" name="Environment">
					<Value>#CTEST_RESOURCE_GROUP_COUNT=</Value>
				</NamedMeasurement>
				<Measurement>
					<Value encoding="base64" compression="gzip">eJyNkMlqwzAQhu96ijnGB1vttZBDoSWHliQ47aEYExR5Ygu0IY26PX29hOAUWjKnWT7++WfKZK2yLRih7CKDY3AGeOcMcq0+O+H9F5euwcil9/xbyA6JH5LSDd836CNvnWs1EkbKY5Czko/lkO0H7UJKtnaEd7AaEXjpJ3BUmjDAErab57fCp9ixanmOGsqTu1ugER/cnfKYFGHBqvwcNay0Owg9zdG+q+CsQduzSHnyv+C55rCeVVC+rmGMem5oasHmad6GxQ2YmP0vOUFAjoTO2HVeCUXIG/dhLz/x1wcgCFtc7ukNb+93u8eH4Y6JLdgPKwGYvg==</Value>
				</Measurement>
			</Results>
		</Test>
		<Test Status="passed">
			<Name>MATRIX.rotate_square</Name>
			<Path>.</Path>
			<FullName>./MATRIX.rotate_square</FullName>
			<FullCommandLine>/home/lixhappy/codes/cpp/zachet/build/tests "--gtest_filter=MATRIX.rotate_square" "--gtest_also_run_disabled_tests"</FullCommandLine>
			<Results>
				<NamedMeasurement type="numeric/double" name="Execution Time">
					<Value>0.0121239</Value>
				</NamedMeasurement>
				<NamedMeasurement type="numeric/double" name="Processors">
					<Value>1</Value>
				</NamedMeasurement>
				<NamedMeasurement type="text/string" name="Completion Status">
					<Value>Completed</Value>
				</NamedMeasurement>
				<NamedMeasurement type="text/string" name="Command Line">
					<Value>/home/lixhappy/codes/cpp/zachet/build/tests "--gtest_filter=MATRIX.rotate_square" "--gtest_also_run_disabled_tests"</Value>
				</NamedMeasurement>
				<NamedMeasurement type="text/string" name="Environment">
					<Value>#CTEST_RESOURCE_GROUP_COUNT=</Value>
				</NamedMeasurement>
				<Measurement>
					<Value encoding="base64" compression="gzip">eJyNkE1rwzAMhu/+FTo2h8TbddBDYaOMsW6kHQxCCK6jJgbH9mxlX79+SVxKOwibThLvI+mV8t4YZRrohDKLBA7edsBb2yHX6rMVzn1xaWsMXDrHv4Vskfi+V7rmVY0u8MbaRiNhoDR4eVbyqRyzapydSck2lvAG1hMCu0GBg9KEHpbwuNrl96+ZtyQIq/DWC4+sWJ6ihPxo9Bpo6hyNHvPQK8KMFekpSlhruxc66mjelbemQzOwSGnvfsHnM6MTVkD+soEpyhl3UYWnhxkCFlfQheSvVREDGlp1wv53BaHwaW0/zOWP5n4DXpjscs/g/nm13d7djvdFNmM/aGym0A==</Value>
				</Measurement>
			</Results>
		</Test>
		<Test Status="passed">
			<Name>POLY.add</Name>
			<Path>.</Path>
			<FullName>./POLY.add</FullName>
			<FullCommandLine>/home/lixhappy/codes/cpp/zachet/build/tests "--gtest_filter=POLY.add" "--gtest_also_run_disabled_tests"</FullCommandLine>
			<Results>
				<NamedMeasurement type="numeric/double" name="Execution Time">
					<Value>0.0115839</Value>
				</NamedMeasurement>
				<NamedMeasurement type="numeric/double" name="Processors">
					<Value>1</Value>
				</NamedMeasurement>
				<NamedMeasurement type="text/string" name="Completion Status">
					<Value>Completed</Value>
				</NamedMeasurement>
				<NamedMeasurement type="text/string" name="Command Line">
					<Value>/home/lixhappy/codes/cpp/zachet/build/tests "--gtest_filter=POLY.add" "--gtest_also_run_disabled_tests"</Value>
				</NamedMeasurement>
				<NamedMeasurement type="text/string" name="Environment">
					<Value>#CTEST_RESOURCE_GROUP_COUNT=</Value>
				</NamedMeasurement>
				<Measurement>
					<Value encoding="base64" compression="gzip">eJyNkMlqwzAQhu96ijnGB1vttZBDoSWHliQ47aEYExRpYgu0IY27PX29hOAUWjKnWT7++WfKzjntGrBCu0UGx+gt8NZb5EZ/tiKELy69wsRlCPxbyBaJHzptFN8rDIk33jcGCRPlKcpZycdyyPaDdiElW3vCO1iNCLz0EzhqQxhhCdvN81shlGLV8hw1lCdzt0AjPZg75anThAWr8nPUsDL+IMw0R/euo3cWXc8i5V34Bc81h+2sgvJ1DWPUMz9TBzZPsy4sbsCm7H/BCQLyJEzGrnNKKGKu/Ie7/MNf90MUrrjc0/vd3u92jw/DFRNbsB+JmJb5====</Value>
				</Measurement>
			</Results>
		</Test>
		<Test Status="passed">
			<Name>POLY.diff</Name>
			<Path>.</Path>
			<FullName>./POLY.diff</FullName>
			<FullCommandLine>/home/lixhappy/codes/cpp/zachet/build/tests "--gtest_filter=POLY.diff" "--gtest_also_run_disabled_tests"</FullCommandLine>
			<Results>
				<NamedMeasurement type="numeric/double" name="Execution Time">
					<Value>0.0108846</Value>
				</NamedMeasurement>
				<NamedMeasurement type="numeric/double" name="Processors">
					<Value>1</Value>
				</NamedMeasurement>
				<NamedMeasurement type="text/string" name="Completion Status">
					<Value>Completed</Value>
				</NamedMeasurement>
				<NamedMeasurement type="text/string" name="Command Line">
					<Value>/home/lixhappy/codes/cpp/zachet/build/tests "--gtest_filter=POLY.diff" "--gtest_also_run_disabled_tests"</Value>
				</NamedMeasurement>
				<NamedMeasurement type="text/string" name="Environment">
					<Value>#CTEST_RESOURCE_GROUP_COUNT=</Value>
				</NamedMeasurement>
				<Measurement>
					<Value encoding="base64" compression="gzip">eJyNkLlqw0AQhvt9iimtQtqkNbgIJLhIsI2cFEEIs16NpIW92B05x9NHhzFyIMFTzfHxzz+Td9Yq24ARyi4SqIMzwFtnkGv12Qrvv7h0FUYuveffQrZI/NgpXfFDhT7yxrlGI2GkNAY5K/lYDtlh0M6kZBtHuIT1iMBrP4FaacIAK9htX96zStU1K1aXKCE/u7sHGvHB3TmPnSLMWJFeooS1dkehpznakwrOGrQ9i5R2/hc81xzWswLytw2MUc4NTS3YPs/bsLgDE5P/JScIyJHQCbvNK6EIaeU+7PUn/voABGGz6z294d3Dfv/0ONwxsRn7AbwZmEk=</Value>
				</Measurement>
			</Results>
		</Test>
		<Test Status="passed">
			<Name>POLY.div</Name>
			<Path>.</Path>
			<FullName>./POLY.div</FullName>
			<FullCommandLine>/home/lixhappy/codes/cpp/zachet/build/tests "--gtest_filter=POLY.div" "--gtest_also_run_disabled_tests"</FullCommandLine>
			<Results>
				<NamedMeasurement type="numeric/double" name="Execution Time">
					<Value>0.0101358</Value>
				</NamedMeasurement>
				<NamedMeasurement type="numeric/double" name="Processors">
					<Value>1</Value>
				</NamedMeasurement>
				<NamedMeasurement type="text/string" name="Completion Status">
					<Value>Completed</Value>
				</NamedMeasurement>
				<NamedMeasurement type="text/string" name="Command Line">
					<Value>/home/lixhappy/codes/cpp/zachet/build/tests "--gtest_filter=POLY.div" "--gtest_also_run_disabled_tests"</Value>
				</NamedMeasurement>
				<NamedMeasurement type="text/string" name="Environment">
					<Value>#CTEST_RESOURCE_GROUP_COUNT=</Value>
				</NamedMeasurement>
				<Measurement>
					<Value encoding="base64" compression="gzip">eJyNkE1rwzAMhu/+FTo2h9jbddDDYKOHjbak22GEUFxHTQyObWyl+/j1i5NS0sHGdNLHw6tXKnprtW2gk9ouMjgG14FoXYfC6I9Wev8plKsxCuW9+JKqRRKHXpta7Gv0UTTONQYJI+UxqFkpxjJl+6TNlWJrR3gHqxGBl2ECR20IAyxhu3l+47U+sXJ5iQqKs7lboJFO5s557DUhZ2V+iQpWxh2kmeZoTzo426EdWKS89z/guWbazkooXtcwRjXzM3Vg8zTrwuIGupj9LThBQI6kydj/nBLKkNfu3V7/4bf7IUjLr/cMfrf3u93jQ7piYjn7BtK/l0c=</Value>
				</Measurement>
			</Results>
		</Test>
		<Test Status="passed">
			<Name>MATRIX.swap_col</Name>
			<Path>.</Path>
			<FullName>./MATRIX.swap_col</FullName>
			<FullCommandLine>/home/lixhappy/codes/cpp/zachet/build/tests "--gtest_filter=MATRIX.swap_col" "--gtest_also_run_disabled_tests"</FullCommandLine>
			<Results>
				<NamedMeasurement type="numeric/double" name="Execution Time">
					<Value>0.00928204</Value>
				</NamedMeasurement>
				<NamedMeasurement type="numeric/double" name="Processors">
					<Value>1</Value>
				</NamedMeasurement>
				<NamedMeasurement type="text/string" name="Completion Status">
					<Value>Completed</Value>
				</NamedMeasurement>
				<NamedMeasurement type="text/string" name="Command Line">
					<Value>/home/lixhappy/codes/cpp/zachet/build/tests "--gtest_filter=MATRIX.swap_col" "--gtest_also_run_disabled_tests"</Value>
				</NamedMeasurement>
				<NamedMeasurement type="text/string" name="Environment">
					<Value>#CTEST_RESOURCE_GROUP_COUNT=</Value>
				</NamedMeasurement>
				<Measurement>
					<Value encoding="base64" compression="gzip">eJyNkE9rwzAMxe/+FDo2h9jbddBDYaOMsW6kHQxCCK6jJgbHNraybvv0y59S2pXRvZPEe5Z+VtZZq20NrdR2lsAuuBZE41oURn820vsvoVyFUSjvxbdUDZLYdtpUoqzQR1E7VxskjJTGoE5aMbZDVQ6zuVJs5QjvYDlGYNM7sNOGMMAcnheb7PGdx730pXKG5fOjCsgOjLdA46OB8VDHThNylqdHFbA0bivN5KP90MHZFm2fRUo7/yt8OnOCYDlkbysYVVyCTQa8PF2aMLuBNibXFkwxIEfSJOx/7IQypJXb2/PL/HURCNLy8z09+OtivX64H341ZTn7AcgUoFs=</Value>
				</Measurement>
			</Results>
		</Test>
		<Test Status="passed">
			<Name>MATRIX.linked_test</Name>
			<Path>.</Path>
			<FullName>./MATRIX.linked_test</FullName>
			<FullCommandLine>/home/lixhappy/codes/cpp/zachet/build/tests "--gtest_filter=MATRIX.linked_test" "--gtest_also_run_disabled_tests"</FullCommandLine>
			<Results>
				<NamedMeasurement type="numeric/double" name="Execution Time">
					<Value>0.007205</Value>
				</NamedMeasurement>
				<NamedMeasurement type="numeric/double" name="Processors">
					<Value>1</Value>
				</NamedMeasurement>
				<NamedMeasurement type="text/string" name="Completion Status">
					<Value>Completed</Value>
				</NamedMeasurement>
				<NamedMeasurement type="text/string" name="Command Line">
					<Value>/home/lixhappy/codes/cpp/zachet/build/tests "--gtest_filter=MATRIX.linked_test" "--gtest_also_run_disabled_tests"</Value>
				</NamedMeasurement>
				<NamedMeasurement type="text/string" name="Environment">
					<Value>#CTEST_RESOURCE_GROUP_COUNT=</Value>
				</NamedMeasurement>
				<Measurement>
					<Value encoding="base64" compression="gzip">eJyNUE1rwzAMvftX6NgcEm/XQQ+FjTLGupF2MAghuI6amDm2sZV9/folcSntaNneSeI96T0p741RpoFOKDNLYOdtB7y1HXKtPlvh3BeXtsbApXP8W8gWiW97pWte1egCb6xtNBIGSoOXRy2f2rGqxt2ZlGxlCW9gOUlgMzCwU5rQwxweF5v8/jXTyrxhXY1TrJgfUEK+j3kNNM2NMfd16BVhxor0gBKW2m6Fjjyad+Wt6dAMWqS0d7/ExztjDlZA/rKCCeXZbJGDp4ezPMyuoAvJXzZRBmRJ6IT97wJC4dPafpjT/1z6C3hhslOfIfvzYr2+ux1vi9qM/QCOwqQV====</Value>
				</Measurement>
			</Results>
		</Test>
		<Test Status="passed">
			<Name>SortTest.quicksort</Name>
			<Path>.</Path>
			<FullName>./SortTest.quicksort</FullName>
			<FullCommandLine>/home/lixhappy/codes/cpp/zachet/build/tests "--gtest_filter=SortTest.quicksort" "--gtest_also_run_disabled_tests"</FullCommandLine>
			<Results>
				<NamedMeasurement type="numeric/double" name="Execution Time">
					<Value>0.00638156</Value>
				</NamedMeasurement>
				<NamedMeasurement type="numeric/double" name="Processors">
					<Value>1</Value>
				</NamedMeasurement>
				<NamedMeasurement type="text/string" name="Completion Status">
					<Value>Completed</Value>
				</NamedMeasurement>
				<NamedMeasurement type="text/string" name="Command Line">
					<Value>/home/lixhappy/codes/cpp/zachet/build/tests "--gtest_filter=SortTest.quicksort" "--gtest_also_run_disabled_tests"</Value>
				</NamedMeasurement>
				<NamedMeasurement type="text/string" name="Environment">
					<Value>#CTEST_RESOURCE_GROUP_COUNT=</Value>
				</NamedMeasurement>
				<Measurement>
					<Value encoding="base64" compression="gzip">eJyNUMtOwzAQvPsr9tgcEsMVqQckUA9IBSVwiqLKdbaJheM19obX15NHqVpUBHPa8Yx3ZzfvnTOugU4Zt0hgF6gD2VKH0pr3Vnn/ITXVGKX2Xn4q3SLLbW9sLTc1+igbosYiY+Q0Bn1E5UTHajP2zrQWa2K8gtVkgcdBgZ2xjAGWUFDg8SV76Y1+jgMT5fKACvJ9zEvg6d8Yc1/H3jBmokwPqGBlaavsrKN7NYFch27wIqe9/2E+7vmdQ5SQP61hQnU23azB/d1ZHRYX0MXk70GzEZhY2UT8bwtGFdKa3tzpjX67DQTlstM5Q/qH66K4vRm3m72Z+ALU0alB====</Value>
				</Measurement>
			</Results>
		</Test>
		<Test Status="passed">
			<Name>POLY.linked_test</Name>
			<Path>.</Path>
			<FullName>./POLY.linked_test</FullName>
			<FullCommandLine>/home/lixhappy/codes/cpp/zachet/build/tests "--gtest_filter=POLY.linked_test" "--gtest_also_run_disabled_tests"</FullCommandLine>
			<Results>
				<NamedMeasurement type="numeric/double" name="Execution Time">
					<Value>0.0054433</Value>
				</NamedMeasurement>
				<NamedMeasurement type="numeric/double" name="Processors">
					<Value>1</Value>
				</NamedMeasurement>
				<NamedMeasurement type="text/string" name="Completion Status">
					<Value>Completed</Value>
				</NamedMeasurement>
				<NamedMeasurement type="text/string" name="Command Line">
					<Value>/home/lixhappy/codes/cpp/zachet/build/tests "--gtest_filter=POLY.linked_test" "--gtest_also_run_disabled_tests"</Value>
				</NamedMeasurement>
				<NamedMeasurement type="text/string" name="Environment">
					<Value>#CTEST_RESOURCE_GROUP_COUNT=</Value>
				</NamedMeasurement>
				<Measurement>
					<Value encoding="base64" compression="gzip">eJyNkE1rwzAMhu/+FTo2h8TdddDDYKOHjbak22GEEFxHTUwd29jKvn794qSUdnRjOkm8r6RHyntjlGmgE8rMEth72wFvbYdcq49WOPfJpa0xcOkc/xKyReK7XumaVzW6wBtrG42EgdLg5VnJxzJmVZydSclWlvAWlqMFngcF9koTeljAZv30mmllDlhXsYcVi1OUkB8hb4DGrgh5zEOvCDNWpKcoYantTuhJR/OmvDUdmsGLlPbuh/l8ZqRgBeQvKxijvMI1KbB+vKLCbA5dSP5eMJmALAmdsP+REwqf1vbdXP7lt3+AFya73DNwb+6224f7eNXkzdg3Ut6hQA==</Value>
				</Measurement>
			</Results>
		</Test>
		<Test Status="passed">
			<Name>TEST_TEST.testing_test</Name>
			<Path>.</Path>
			<FullName>./TEST_TEST.testing_test</FullName>
			<FullCommandLine>/home/lixhappy/codes/cpp/zachet/build/tests "--gtest_filter=TEST_TEST.testing_test" "--gtest_also_run_disabled_tests"</FullCommandLine>
			<Results>
				<NamedMeasurement type="numeric/double" name="Execution Time">
					<Value>0.00431465</Value>
				</NamedMeasurement>
				<NamedMeasurement type="numeric/double" name="Processors">
					<Value>1</Value>
				</NamedMeasurement>
				<NamedMeasurement type="text/string" name="Completion Status">
					<Value>Completed</Value>
				</NamedMeasurement>
				<NamedMeasurement type="text/string" name="Command Line">
					<Value>/home/lixhappy/codes/cpp/zachet/build/tests "--gtest_filter=TEST_TEST.testing_test" "--gtest_also_run_disabled_tests"</Value>
				</NamedMeasurement>
				<NamedMeasurement type="text/string" name="Environment">
					<Value>#CTEST_RESOURCE_GROUP_COUNT=</Value>
				</NamedMeasurement>
				<Measurement>
					<Value encoding="base64" compression="gzip">eJyNUE1rwzAMvftX6NgcEm/XQQ+DlR4G3UiyUyjBddTE4NjGVvb16xcnJbSDQHWwJd6T9J7ywRhlWuiFMpsEzt72wDvbI9fquxPO/XBpGwxcOsd/heyQ+GlQuuF1gy7w1tpWI2GgNHh5VfKpjFkdZ2dSsoMlfIL9RIFyROCsNKGHLZS7oqzjk8WOUVAdf1ZtlzhCfpH6CDT1RqmXPAyKMGNVusQR9tqehJ5xNJ/KW9OjGblI6eD+ka9nLlpYBfnHAaY4rkqccXh7XeXA5gH6kNyxcWYCWRI6Yff5IRQ+beyXub3W2pXAC5Pd7hktvD8Xxe4l2py5GfsDvZyq3A==</Value>
				</Measurement>
			</Results>
		</Test>
		<Test Status="passed">
			<Name>MATRIX.swap_row</Name>
			<Path>.</Path>
			<FullName>./MATRIX.swap_row</FullName>
			<FullCommandLine>/home/lixhappy/codes/cpp/zachet/build/tests "--gtest_filter=MATRIX.swap_row" "--gtest_also_run_disabled_tests"</FullCommandLine>
			<Results>
				<NamedMeasurement type="numeric/double" name="Execution Time">
					<Value>0.00326534</Value>
				</NamedMeasurement>
				<NamedMeasurement type="numeric/double" name="Processors">
					<Value>1</Value>
				</NamedMeasurement>
				<NamedMeasurement type="text/string" name="Completion Status">
					<Value>Completed</Value>
				</NamedMeasurement>
				<NamedMeasurement type="text/string" name="Command Line">
					<Value>/home/lixhappy/codes/cpp/zachet/build/tests "--gtest_filter=MATRIX.swap_row" "--gtest_also_run_disabled_tests"</Value>
				</NamedMeasurement>
				<NamedMeasurement type="text/string" name="Environment">
					<Value>#CTEST_RESOURCE_GROUP_COUNT=</Value>
				</NamedMeasurement>
				<Measurement>
					<Value encoding="base64" compression="gzip">eJyNkE9rwzAMxe/+FDo2h8TrddBDYaOM0W6kHQxCCK6jJgbHMrazbPv0y59S2pXRvZPEe5Z+Vtoao0wFjVBmFsHBUQO8pga5Vp+1sPaLSyrRc2kt/xayxsD3rdIlL0q0nldElcaAPsTeybOWj+1QFcPsREq2oYD3sBojsOsdOCgd0MEC1std+vSe+E7YwlHHssVJOaRHxjmE8dHAeKx9qwImLItPymGlaS/05KP5UI5Mg6bPYohb+yt8PnOCYBmkbxsYlV+DTQa8PF+bMLuDxke3FkwxCBSEjtj/2AMKF5fUmcvL/HURcMIkl3t68Nfldvv4MPxqyibsBxR1oKk=</Value>
				</Measurement>
			</Results>
		</Test>
		<Test Status="passed">
			<Name>POLY.rem_and_mod</Name>
			<Path>.</Path>
			<FullName>./POLY.rem_and_mod</FullName>
			<FullCommandLine>/home/lixhappy/codes/cpp/zachet/build/tests "--gtest_filter=POLY.rem_and_mod" "--gtest_also_run_disabled_tests"</FullCommandLine>
			<Results>
				<NamedMeasurement type="numeric/double" name="Execution Time">
					<Value>0.00284517</Value>
				</NamedMeasurement>
				<NamedMeasurement type="numeric/double" name="Processors">
					<Value>1</Value>
				</NamedMeasurement>
				<NamedMeasurement type="text/string" name="Completion Status">
					<Value>Completed</Value>
				</NamedMeasurement>
				<NamedMeasurement type="text/string" name="Command Line">
					<Value>/home/lixhappy/codes/cpp/zachet/build/tests "--gtest_filter=POLY.rem_and_mod" "--gtest_also_run_disabled_tests"</Value>
				</NamedMeasurement>
				<NamedMeasurement type="text/string" name="Environment">
					<Value>#CTEST_RESOURCE_GROUP_COUNT=</Value>
				</NamedMeasurement>
				<Measurement>
					<Value encoding="base64" compression="gzip">eJyNkMtqwzAQRff6ilnGC1vttpBFoSWLliQ47aIEYxRpYgv0Qhr39fX1I4SkpCV3NcO9mjmasnNOuwas0G6WwT56C7z1FrnRn60I4YtLrzBxGQL/FrJF4rtOG8VrhSHxxvvGIGGiPEV50vKxHap6mF1IyZae8A4WYwReegf22hBGmMN69fxWRLS1cKq2XrHt/KgKygPkLdD4aoA81KnThAXb5kdVsDB+J8zko3vX0TuLrs8i5V34FT6dOVCwLZSvSxhVXeCaHFg9XXBhdgM2Zf8vmEJAnoTJ2HXkhCLmyn+487v8dQ+IwhXne3ru9f1m8/gw/GrKFuwH8i2g3Q==</Value>
				</Measurement>
			</Results>
		</Test>
		<EndDateTime>Dec 23 10:50 MSK</EndDateTime>
		<EndTestTime>1671781855</EndTestTime>
		<ElapsedMinutes>0</ElapsedMinutes>
	</Testing>
</Site>
